<?xml version="1.0" encoding="UTF-8"?>
<!-- Generated by org.testng.reporters.JUnitReportReporter -->
<testsuite hostname="DESKTOP-A82DS37" failures="0" tests="1" name="practiceSeleniumCodes.practiceSeleniumCodes.TestLoginPage" time="3.330" errors="0" timestamp="2025-05-17T12:18:09 EDT" skipped="0">
  <testcase classname="practiceSeleniumCodes.practiceSeleniumCodes.TestLoginPage" name="logIn" time="3.330"/>
  <system-out/>
</testsuite> <!-- practiceSeleniumCodes.practiceSeleniumCodes.TestLoginPage -->
